[0.451s] DEBUG:colcon:Command line arguments: ['/usr/bin/colcon', 'build']
[0.451s] DEBUG:colcon:Parsed command line arguments: Namespace(log_base=None, log_level=None, verb_name='build', build_base='build', install_base='install', merge_install=False, symlink_install=False, test_result_base=None, continue_on_error=False, executor='parallel', parallel_workers=12, event_handlers=None, ignore_user_meta=False, metas=['./colcon.meta'], base_paths=['.'], packages_ignore=None, packages_ignore_regex=None, paths=None, packages_up_to=None, packages_up_to_regex=None, packages_above=None, packages_above_and_dependencies=None, packages_above_depth=None, packages_select_by_dep=None, packages_skip_by_dep=None, packages_skip_up_to=None, packages_select_build_failed=False, packages_skip_build_finished=False, packages_select_test_failures=False, packages_skip_test_passed=False, packages_select=None, packages_skip=None, packages_select_regex=None, packages_skip_regex=None, packages_start=None, packages_end=None, allow_overriding=[], cmake_args=None, cmake_target=None, cmake_target_skip_unavailable=False, cmake_clean_cache=False, cmake_clean_first=False, cmake_force_configure=False, ament_cmake_args=None, catkin_cmake_args=None, catkin_skip_building_tests=False, mixin_files=None, mixin=None, verb_parser=<colcon_mixin.mixin.mixin_argument.MixinArgumentDecorator object at 0x75ba62d490c0>, verb_extension=<colcon_core.verb.build.BuildVerb object at 0x75ba62ebea70>, main=<bound method BuildVerb.main of <colcon_core.verb.build.BuildVerb object at 0x75ba62ebea70>>, mixin_verb=('build',))
[0.807s] Level 1:colcon.colcon_core.package_discovery:discover_packages(colcon_meta) check parameters
[0.807s] Level 1:colcon.colcon_core.package_discovery:discover_packages(recursive) check parameters
[0.807s] Level 1:colcon.colcon_core.package_discovery:discover_packages(ignore) check parameters
[0.807s] Level 1:colcon.colcon_core.package_discovery:discover_packages(path) check parameters
[0.807s] Level 1:colcon.colcon_core.package_discovery:discover_packages(colcon_meta) discover
[0.808s] Level 1:colcon.colcon_core.package_discovery:discover_packages(recursive) discover
[0.808s] INFO:colcon.colcon_core.package_discovery:Crawling recursively for packages in '/home/badai22/tugas1_ws'
[0.808s] Level 1:colcon.colcon_core.package_identification:_identify(.) by extensions ['ignore', 'ignore_ament_install']
[0.809s] Level 1:colcon.colcon_core.package_identification:_identify(.) by extension 'ignore'
[0.809s] Level 1:colcon.colcon_core.package_identification:_identify(.) by extension 'ignore_ament_install'
[0.809s] Level 1:colcon.colcon_core.package_identification:_identify(.) by extensions ['colcon_pkg']
[0.809s] Level 1:colcon.colcon_core.package_identification:_identify(.) by extension 'colcon_pkg'
[0.810s] Level 1:colcon.colcon_core.package_identification:_identify(.) by extensions ['colcon_meta']
[0.810s] Level 1:colcon.colcon_core.package_identification:_identify(.) by extension 'colcon_meta'
[0.810s] Level 1:colcon.colcon_core.package_identification:_identify(.) by extensions ['ros']
[0.810s] Level 1:colcon.colcon_core.package_identification:_identify(.) by extension 'ros'
[0.836s] Level 1:colcon.colcon_core.package_identification:_identify(.) by extensions ['cmake', 'python']
[0.836s] Level 1:colcon.colcon_core.package_identification:_identify(.) by extension 'cmake'
[0.836s] Level 1:colcon.colcon_core.package_identification:_identify(.) by extension 'python'
[0.837s] Level 1:colcon.colcon_core.package_identification:_identify(.) by extensions ['python_setup_py']
[0.837s] Level 1:colcon.colcon_core.package_identification:_identify(.) by extension 'python_setup_py'
[0.837s] Level 1:colcon.colcon_core.package_identification:_identify(build) by extensions ['ignore', 'ignore_ament_install']
[0.837s] Level 1:colcon.colcon_core.package_identification:_identify(build) by extension 'ignore'
[0.837s] Level 1:colcon.colcon_core.package_identification:_identify(build) ignored
[0.838s] Level 1:colcon.colcon_core.package_identification:_identify(install) by extensions ['ignore', 'ignore_ament_install']
[0.838s] Level 1:colcon.colcon_core.package_identification:_identify(install) by extension 'ignore'
[0.838s] Level 1:colcon.colcon_core.package_identification:_identify(install) ignored
[0.839s] Level 1:colcon.colcon_core.package_identification:_identify(log) by extensions ['ignore', 'ignore_ament_install']
[0.839s] Level 1:colcon.colcon_core.package_identification:_identify(log) by extension 'ignore'
[0.839s] Level 1:colcon.colcon_core.package_identification:_identify(log) ignored
[0.839s] Level 1:colcon.colcon_core.package_identification:_identify(src) by extensions ['ignore', 'ignore_ament_install']
[0.839s] Level 1:colcon.colcon_core.package_identification:_identify(src) by extension 'ignore'
[0.840s] Level 1:colcon.colcon_core.package_identification:_identify(src) by extension 'ignore_ament_install'
[0.840s] Level 1:colcon.colcon_core.package_identification:_identify(src) by extensions ['colcon_pkg']
[0.840s] Level 1:colcon.colcon_core.package_identification:_identify(src) by extension 'colcon_pkg'
[0.840s] Level 1:colcon.colcon_core.package_identification:_identify(src) by extensions ['colcon_meta']
[0.840s] Level 1:colcon.colcon_core.package_identification:_identify(src) by extension 'colcon_meta'
[0.840s] Level 1:colcon.colcon_core.package_identification:_identify(src) by extensions ['ros']
[0.840s] Level 1:colcon.colcon_core.package_identification:_identify(src) by extension 'ros'
[0.841s] Level 1:colcon.colcon_core.package_identification:_identify(src) by extensions ['cmake', 'python']
[0.841s] Level 1:colcon.colcon_core.package_identification:_identify(src) by extension 'cmake'
[0.841s] Level 1:colcon.colcon_core.package_identification:_identify(src) by extension 'python'
[0.841s] Level 1:colcon.colcon_core.package_identification:_identify(src) by extensions ['python_setup_py']
[0.841s] Level 1:colcon.colcon_core.package_identification:_identify(src) by extension 'python_setup_py'
[0.841s] Level 1:colcon.colcon_core.package_identification:_identify(src/tugas1_package) by extensions ['ignore', 'ignore_ament_install']
[0.842s] Level 1:colcon.colcon_core.package_identification:_identify(src/tugas1_package) by extension 'ignore'
[0.842s] Level 1:colcon.colcon_core.package_identification:_identify(src/tugas1_package) by extension 'ignore_ament_install'
[0.842s] Level 1:colcon.colcon_core.package_identification:_identify(src/tugas1_package) by extensions ['colcon_pkg']
[0.842s] Level 1:colcon.colcon_core.package_identification:_identify(src/tugas1_package) by extension 'colcon_pkg'
[0.843s] Level 1:colcon.colcon_core.package_identification:_identify(src/tugas1_package) by extensions ['colcon_meta']
[0.843s] Level 1:colcon.colcon_core.package_identification:_identify(src/tugas1_package) by extension 'colcon_meta'
[0.843s] Level 1:colcon.colcon_core.package_identification:_identify(src/tugas1_package) by extensions ['ros']
[0.843s] Level 1:colcon.colcon_core.package_identification:_identify(src/tugas1_package) by extension 'ros'
[0.852s] DEBUG:colcon.colcon_core.package_identification:Package 'src/tugas1_package' with type 'ros.ament_cmake' and name 'tugas1_package'
[0.852s] Level 1:colcon.colcon_core.package_discovery:discover_packages(recursive) using defaults
[0.852s] Level 1:colcon.colcon_core.package_discovery:discover_packages(ignore) discover
[0.852s] Level 1:colcon.colcon_core.package_discovery:discover_packages(ignore) using defaults
[0.853s] Level 1:colcon.colcon_core.package_discovery:discover_packages(path) discover
[0.853s] Level 1:colcon.colcon_core.package_discovery:discover_packages(path) using defaults
[0.930s] Level 1:colcon.colcon_core.package_discovery:discover_packages(prefix_path) check parameters
[0.930s] Level 1:colcon.colcon_core.package_discovery:discover_packages(prefix_path) discover
[0.939s] DEBUG:colcon.colcon_installed_package_information.package_discovery:Found 272 installed packages in /opt/ros/humble
[0.947s] Level 1:colcon.colcon_core.package_discovery:discover_packages(prefix_path) using defaults
[1.052s] Level 5:colcon.colcon_core.verb:set package 'tugas1_package' build argument 'cmake_args' from command line to 'None'
[1.052s] Level 5:colcon.colcon_core.verb:set package 'tugas1_package' build argument 'cmake_target' from command line to 'None'
[1.052s] Level 5:colcon.colcon_core.verb:set package 'tugas1_package' build argument 'cmake_target_skip_unavailable' from command line to 'False'
[1.052s] Level 5:colcon.colcon_core.verb:set package 'tugas1_package' build argument 'cmake_clean_cache' from command line to 'False'
[1.053s] Level 5:colcon.colcon_core.verb:set package 'tugas1_package' build argument 'cmake_clean_first' from command line to 'False'
[1.053s] Level 5:colcon.colcon_core.verb:set package 'tugas1_package' build argument 'cmake_force_configure' from command line to 'False'
[1.053s] Level 5:colcon.colcon_core.verb:set package 'tugas1_package' build argument 'ament_cmake_args' from command line to 'None'
[1.053s] Level 5:colcon.colcon_core.verb:set package 'tugas1_package' build argument 'catkin_cmake_args' from command line to 'None'
[1.053s] Level 5:colcon.colcon_core.verb:set package 'tugas1_package' build argument 'catkin_skip_building_tests' from command line to 'False'
[1.053s] DEBUG:colcon.colcon_core.verb:Building package 'tugas1_package' with the following arguments: {'ament_cmake_args': None, 'build_base': '/home/badai22/tugas1_ws/build/tugas1_package', 'catkin_cmake_args': None, 'catkin_skip_building_tests': False, 'cmake_args': None, 'cmake_clean_cache': False, 'cmake_clean_first': False, 'cmake_force_configure': False, 'cmake_target': None, 'cmake_target_skip_unavailable': False, 'install_base': '/home/badai22/tugas1_ws/install/tugas1_package', 'merge_install': False, 'path': '/home/badai22/tugas1_ws/src/tugas1_package', 'symlink_install': False, 'test_result_base': None}
[1.053s] INFO:colcon.colcon_core.executor:Executing jobs using 'parallel' executor
[1.059s] DEBUG:colcon.colcon_parallel_executor.executor.parallel:run_until_complete
[1.060s] INFO:colcon.colcon_ros.task.ament_cmake.build:Building ROS package in '/home/badai22/tugas1_ws/src/tugas1_package' with build type 'ament_cmake'
[1.061s] INFO:colcon.colcon_cmake.task.cmake.build:Building CMake package in '/home/badai22/tugas1_ws/src/tugas1_package'
[1.073s] INFO:colcon.colcon_core.plugin_system:Skipping extension 'colcon_core.shell.bat': Not used on non-Windows systems
[1.074s] INFO:colcon.colcon_core.shell:Skip shell extension 'powershell' for command environment: Not usable outside of PowerShell
[1.074s] DEBUG:colcon.colcon_core.shell:Skip shell extension 'dsv' for command environment
[1.099s] DEBUG:colcon.colcon_core.event_handler.log_command:Invoking command in '/home/badai22/tugas1_ws/build/tugas1_package': CMAKE_PREFIX_PATH=/opt/ros/humble /usr/bin/cmake /home/badai22/tugas1_ws/src/tugas1_package -DCMAKE_INSTALL_PREFIX=/home/badai22/tugas1_ws/install/tugas1_package
[16.911s] DEBUG:colcon.colcon_core.event_handler.log_command:Invoked command in '/home/badai22/tugas1_ws/build/tugas1_package' returned '0': CMAKE_PREFIX_PATH=/opt/ros/humble /usr/bin/cmake /home/badai22/tugas1_ws/src/tugas1_package -DCMAKE_INSTALL_PREFIX=/home/badai22/tugas1_ws/install/tugas1_package
[16.917s] DEBUG:colcon.colcon_core.event_handler.log_command:Invoking command in '/home/badai22/tugas1_ws/build/tugas1_package': CMAKE_PREFIX_PATH=/opt/ros/humble /usr/bin/cmake --build /home/badai22/tugas1_ws/build/tugas1_package -- -j12 -l12
[28.422s] DEBUG:colcon.colcon_core.event_handler.log_command:Invoked command in '/home/badai22/tugas1_ws/build/tugas1_package' returned '2': CMAKE_PREFIX_PATH=/opt/ros/humble /usr/bin/cmake --build /home/badai22/tugas1_ws/build/tugas1_package -- -j12 -l12
[28.423s] Level 1:colcon.colcon_core.environment:create_environment_scripts_only(tugas1_package)
[28.435s] Level 1:colcon.colcon_core.environment:checking '/home/badai22/tugas1_ws/install/tugas1_package' for CMake module files
[28.436s] Level 1:colcon.colcon_core.environment:checking '/home/badai22/tugas1_ws/install/tugas1_package' for CMake config files
[28.436s] Level 1:colcon.colcon_core.environment:checking '/home/badai22/tugas1_ws/install/tugas1_package/bin'
[28.437s] Level 1:colcon.colcon_core.environment:checking '/home/badai22/tugas1_ws/install/tugas1_package/lib/pkgconfig/tugas1_package.pc'
[28.437s] Level 1:colcon.colcon_core.environment:checking '/home/badai22/tugas1_ws/install/tugas1_package/lib/python3.10/site-packages'
[28.438s] Level 1:colcon.colcon_core.environment:checking '/home/badai22/tugas1_ws/install/tugas1_package/bin'
[28.439s] INFO:colcon.colcon_core.shell:Creating package script '/home/badai22/tugas1_ws/install/tugas1_package/share/tugas1_package/package.ps1'
[28.442s] INFO:colcon.colcon_core.shell:Creating package descriptor '/home/badai22/tugas1_ws/install/tugas1_package/share/tugas1_package/package.dsv'
[28.444s] INFO:colcon.colcon_core.shell:Creating package script '/home/badai22/tugas1_ws/install/tugas1_package/share/tugas1_package/package.sh'
[28.446s] INFO:colcon.colcon_core.shell:Creating package script '/home/badai22/tugas1_ws/install/tugas1_package/share/tugas1_package/package.bash'
[28.449s] INFO:colcon.colcon_core.shell:Creating package script '/home/badai22/tugas1_ws/install/tugas1_package/share/tugas1_package/package.zsh'
[28.453s] Level 1:colcon.colcon_core.environment:create_file_with_runtime_dependencies(/home/badai22/tugas1_ws/install/tugas1_package/share/colcon-core/packages/tugas1_package)
[28.466s] DEBUG:colcon.colcon_parallel_executor.executor.parallel:closing loop
[28.466s] DEBUG:colcon.colcon_parallel_executor.executor.parallel:loop closed
[28.467s] DEBUG:colcon.colcon_parallel_executor.executor.parallel:run_until_complete finished with '2'
[28.467s] DEBUG:colcon.colcon_core.event_reactor:joining thread
[28.553s] INFO:colcon.colcon_core.plugin_system:Skipping extension 'colcon_notification.desktop_notification.notify_send': Could not find 'notify-send'
[28.553s] INFO:colcon.colcon_core.plugin_system:Skipping extension 'colcon_notification.desktop_notification.terminal_notifier': Not used on non-Darwin systems
[28.553s] INFO:colcon.colcon_core.plugin_system:Skipping extension 'colcon_notification.desktop_notification.win32': Not used on non-Windows systems
[28.553s] INFO:colcon.colcon_notification.desktop_notification:Sending desktop notification using 'notify2'
[28.554s] DEBUG:colcon.colcon_notification.desktop_notification.notify2:Failed to initialize notify2: org.freedesktop.DBus.Error.FileNotFound: Failed to connect to socket /run/user/1000/bus: No such file or directory
[28.554s] DEBUG:colcon.colcon_core.event_reactor:joined thread
[28.555s] INFO:colcon.colcon_core.shell:Creating prefix script '/home/badai22/tugas1_ws/install/local_setup.ps1'
[28.557s] INFO:colcon.colcon_core.shell:Creating prefix util module '/home/badai22/tugas1_ws/install/_local_setup_util_ps1.py'
[28.561s] INFO:colcon.colcon_core.shell:Creating prefix chain script '/home/badai22/tugas1_ws/install/setup.ps1'
[28.563s] INFO:colcon.colcon_core.shell:Creating prefix script '/home/badai22/tugas1_ws/install/local_setup.sh'
[28.564s] INFO:colcon.colcon_core.shell:Creating prefix util module '/home/badai22/tugas1_ws/install/_local_setup_util_sh.py'
[28.565s] INFO:colcon.colcon_core.shell:Creating prefix chain script '/home/badai22/tugas1_ws/install/setup.sh'
[28.567s] INFO:colcon.colcon_core.shell:Creating prefix script '/home/badai22/tugas1_ws/install/local_setup.bash'
[28.569s] INFO:colcon.colcon_core.shell:Creating prefix chain script '/home/badai22/tugas1_ws/install/setup.bash'
[28.571s] INFO:colcon.colcon_core.shell:Creating prefix script '/home/badai22/tugas1_ws/install/local_setup.zsh'
[28.573s] INFO:colcon.colcon_core.shell:Creating prefix chain script '/home/badai22/tugas1_ws/install/setup.zsh'
