[0.037s] Invoking command in '/home/badai22/tugas1_ws/build/tugas1_package': CMAKE_PREFIX_PATH=/opt/ros/humble /usr/bin/cmake /home/badai22/tugas1_ws/src/tugas1_package -DCMAKE_INSTALL_PREFIX=/home/badai22/tugas1_ws/install/tugas1_package
[0.363s] -- The C compiler identification is GNU 11.4.0
[1.330s] -- The CXX compiler identification is GNU 11.4.0
[1.971s] -- Detecting C compiler ABI info
[2.296s] -- Detecting C compiler ABI info - done
[2.310s] -- Check for working C compiler: /usr/bin/cc - skipped
[2.311s] -- Detecting C compile features
[2.312s] -- Detecting C compile features - done
[2.322s] -- Detecting CXX compiler ABI info
[2.658s] -- Detecting CXX compiler ABI info - done
[2.679s] -- Check for working CXX compiler: /usr/bin/c++ - skipped
[2.680s] -- Detecting CXX compile features
[2.681s] -- Detecting CXX compile features - done
[2.718s] -- Found ament_cmake: 1.3.13 (/opt/ros/humble/share/ament_cmake/cmake)
[3.077s] -- Found Python3: /usr/bin/python3 (found version "3.10.12") found components: Interpreter 
[3.322s] -- Found rclcpp: 16.0.18 (/opt/ros/humble/share/rclcpp/cmake)
[3.826s] -- Found rosidl_generator_c: 3.1.8 (/opt/ros/humble/share/rosidl_generator_c/cmake)
[3.843s] -- Found rosidl_adapter: 3.1.8 (/opt/ros/humble/share/rosidl_adapter/cmake)
[3.868s] -- Found rosidl_generator_cpp: 3.1.8 (/opt/ros/humble/share/rosidl_generator_cpp/cmake)
[3.910s] -- Using all available rosidl_typesupport_c: rosidl_typesupport_fastrtps_c;rosidl_typesupport_introspection_c
[3.959s] -- Using all available rosidl_typesupport_cpp: rosidl_typesupport_fastrtps_cpp;rosidl_typesupport_introspection_cpp
[4.081s] -- Found rmw_implementation_cmake: 6.1.2 (/opt/ros/humble/share/rmw_implementation_cmake/cmake)
[4.089s] -- Found rmw_fastrtps_cpp: 6.2.10 (/opt/ros/humble/share/rmw_fastrtps_cpp/cmake)
[6.696s] -- Found OpenSSL: /usr/lib/x86_64-linux-gnu/libcrypto.so (found version "3.0.2")  
[9.444s] -- Found FastRTPS: /opt/ros/humble/include  
[14.731s] -- Using RMW implementation 'rmw_fastrtps_cpp' as default
[14.753s] -- Looking for pthread.h
[15.080s] -- Looking for pthread.h - found
[15.081s] -- Performing Test CMAKE_HAVE_LIBC_PTHREAD
[15.415s] -- Performing Test CMAKE_HAVE_LIBC_PTHREAD - Success
[15.421s] -- Found Threads: TRUE  
[15.773s] -- Configuring done
[15.813s] -- Generating done
[15.829s] -- Build files have been written to: /home/badai22/tugas1_ws/build/tugas1_package
[15.849s] Invoked command in '/home/badai22/tugas1_ws/build/tugas1_package' returned '0': CMAKE_PREFIX_PATH=/opt/ros/humble /usr/bin/cmake /home/badai22/tugas1_ws/src/tugas1_package -DCMAKE_INSTALL_PREFIX=/home/badai22/tugas1_ws/install/tugas1_package
[15.855s] Invoking command in '/home/badai22/tugas1_ws/build/tugas1_package': CMAKE_PREFIX_PATH=/opt/ros/humble /usr/bin/cmake --build /home/badai22/tugas1_ws/build/tugas1_package -- -j12 -l12
[15.984s] [ 25%] [32mBuilding CXX object CMakeFiles/chatter.dir/src/chatter.cpp.o[0m
[15.987s] [ 50%] [32mBuilding CXX object CMakeFiles/display.dir/src/display.cpp.o[0m
[23.139s] [01m[K/home/badai22/tugas1_ws/src/tugas1_package/src/display.cpp:[m[K In member function ‘[01m[Kvoid GenericNode::timer_callback()[m[K’:
[23.139s] [01m[K/home/badai22/tugas1_ws/src/tugas1_package/src/display.cpp:42:8:[m[K [01;31m[Kerror: [m[K‘[01m[Kpublisher_[m[K’ was not declared in this scope; did you mean ‘[01m[Krmw_publisher_t[m[K’?
[23.139s]    42 |        [01;31m[Kpublisher_[m[K->publish(message);
[23.139s]       |        [01;31m[K^~~~~~~~~~[m[K
[23.139s]       |        [32m[Krmw_publisher_t[m[K
[28.185s] [ 75%] [32m[1mLinking CXX executable chatter[0m
[29.032s] [ 75%] Built target chatter
[29.853s] gmake[2]: *** [CMakeFiles/display.dir/build.make:76: CMakeFiles/display.dir/src/display.cpp.o] Error 1
[29.854s] gmake[1]: *** [CMakeFiles/Makefile2:165: CMakeFiles/display.dir/all] Error 2
[29.855s] gmake: *** [Makefile:146: all] Error 2
[29.860s] Invoked command in '/home/badai22/tugas1_ws/build/tugas1_package' returned '2': CMAKE_PREFIX_PATH=/opt/ros/humble /usr/bin/cmake --build /home/badai22/tugas1_ws/build/tugas1_package -- -j12 -l12
