[0.391s] DEBUG:colcon:Command line arguments: ['/usr/bin/colcon', 'build']
[0.391s] DEBUG:colcon:Parsed command line arguments: Namespace(log_base=None, log_level=None, verb_name='build', build_base='build', install_base='install', merge_install=False, symlink_install=False, test_result_base=None, continue_on_error=False, executor='parallel', parallel_workers=12, event_handlers=None, ignore_user_meta=False, metas=['./colcon.meta'], base_paths=['.'], packages_ignore=None, packages_ignore_regex=None, paths=None, packages_up_to=None, packages_up_to_regex=None, packages_above=None, packages_above_and_dependencies=None, packages_above_depth=None, packages_select_by_dep=None, packages_skip_by_dep=None, packages_skip_up_to=None, packages_select_build_failed=False, packages_skip_build_finished=False, packages_select_test_failures=False, packages_skip_test_passed=False, packages_select=None, packages_skip=None, packages_select_regex=None, packages_skip_regex=None, packages_start=None, packages_end=None, allow_overriding=[], cmake_args=None, cmake_target=None, cmake_target_skip_unavailable=False, cmake_clean_cache=False, cmake_clean_first=False, cmake_force_configure=False, ament_cmake_args=None, catkin_cmake_args=None, catkin_skip_building_tests=False, mixin_files=None, mixin=None, verb_parser=<colcon_mixin.mixin.mixin_argument.MixinArgumentDecorator object at 0x7610c5d490c0>, verb_extension=<colcon_core.verb.build.BuildVerb object at 0x7610c5ebea70>, main=<bound method BuildVerb.main of <colcon_core.verb.build.BuildVerb object at 0x7610c5ebea70>>, mixin_verb=('build',))
[0.760s] Level 1:colcon.colcon_core.package_discovery:discover_packages(colcon_meta) check parameters
[0.760s] Level 1:colcon.colcon_core.package_discovery:discover_packages(recursive) check parameters
[0.761s] Level 1:colcon.colcon_core.package_discovery:discover_packages(ignore) check parameters
[0.761s] Level 1:colcon.colcon_core.package_discovery:discover_packages(path) check parameters
[0.761s] Level 1:colcon.colcon_core.package_discovery:discover_packages(colcon_meta) discover
[0.761s] Level 1:colcon.colcon_core.package_discovery:discover_packages(recursive) discover
[0.761s] INFO:colcon.colcon_core.package_discovery:Crawling recursively for packages in '/home/badai22/tugas1_ws'
[0.761s] Level 1:colcon.colcon_core.package_identification:_identify(.) by extensions ['ignore', 'ignore_ament_install']
[0.762s] Level 1:colcon.colcon_core.package_identification:_identify(.) by extension 'ignore'
[0.762s] Level 1:colcon.colcon_core.package_identification:_identify(.) by extension 'ignore_ament_install'
[0.762s] Level 1:colcon.colcon_core.package_identification:_identify(.) by extensions ['colcon_pkg']
[0.762s] Level 1:colcon.colcon_core.package_identification:_identify(.) by extension 'colcon_pkg'
[0.762s] Level 1:colcon.colcon_core.package_identification:_identify(.) by extensions ['colcon_meta']
[0.762s] Level 1:colcon.colcon_core.package_identification:_identify(.) by extension 'colcon_meta'
[0.762s] Level 1:colcon.colcon_core.package_identification:_identify(.) by extensions ['ros']
[0.762s] Level 1:colcon.colcon_core.package_identification:_identify(.) by extension 'ros'
[0.781s] Level 1:colcon.colcon_core.package_identification:_identify(.) by extensions ['cmake', 'python']
[0.782s] Level 1:colcon.colcon_core.package_identification:_identify(.) by extension 'cmake'
[0.782s] Level 1:colcon.colcon_core.package_identification:_identify(.) by extension 'python'
[0.782s] Level 1:colcon.colcon_core.package_identification:_identify(.) by extensions ['python_setup_py']
[0.782s] Level 1:colcon.colcon_core.package_identification:_identify(.) by extension 'python_setup_py'
[0.782s] Level 1:colcon.colcon_core.package_identification:_identify(build) by extensions ['ignore', 'ignore_ament_install']
[0.782s] Level 1:colcon.colcon_core.package_identification:_identify(build) by extension 'ignore'
[0.782s] Level 1:colcon.colcon_core.package_identification:_identify(build) ignored
[0.783s] Level 1:colcon.colcon_core.package_identification:_identify(install) by extensions ['ignore', 'ignore_ament_install']
[0.783s] Level 1:colcon.colcon_core.package_identification:_identify(install) by extension 'ignore'
[0.783s] Level 1:colcon.colcon_core.package_identification:_identify(install) ignored
[0.784s] Level 1:colcon.colcon_core.package_identification:_identify(log) by extensions ['ignore', 'ignore_ament_install']
[0.784s] Level 1:colcon.colcon_core.package_identification:_identify(log) by extension 'ignore'
[0.784s] Level 1:colcon.colcon_core.package_identification:_identify(log) ignored
[0.785s] Level 1:colcon.colcon_core.package_identification:_identify(src) by extensions ['ignore', 'ignore_ament_install']
[0.785s] Level 1:colcon.colcon_core.package_identification:_identify(src) by extension 'ignore'
[0.785s] Level 1:colcon.colcon_core.package_identification:_identify(src) by extension 'ignore_ament_install'
[0.785s] Level 1:colcon.colcon_core.package_identification:_identify(src) by extensions ['colcon_pkg']
[0.785s] Level 1:colcon.colcon_core.package_identification:_identify(src) by extension 'colcon_pkg'
[0.785s] Level 1:colcon.colcon_core.package_identification:_identify(src) by extensions ['colcon_meta']
[0.785s] Level 1:colcon.colcon_core.package_identification:_identify(src) by extension 'colcon_meta'
[0.786s] Level 1:colcon.colcon_core.package_identification:_identify(src) by extensions ['ros']
[0.786s] Level 1:colcon.colcon_core.package_identification:_identify(src) by extension 'ros'
[0.786s] Level 1:colcon.colcon_core.package_identification:_identify(src) by extensions ['cmake', 'python']
[0.786s] Level 1:colcon.colcon_core.package_identification:_identify(src) by extension 'cmake'
[0.786s] Level 1:colcon.colcon_core.package_identification:_identify(src) by extension 'python'
[0.786s] Level 1:colcon.colcon_core.package_identification:_identify(src) by extensions ['python_setup_py']
[0.786s] Level 1:colcon.colcon_core.package_identification:_identify(src) by extension 'python_setup_py'
[0.787s] Level 1:colcon.colcon_core.package_identification:_identify(src/tugas1_package) by extensions ['ignore', 'ignore_ament_install']
[0.787s] Level 1:colcon.colcon_core.package_identification:_identify(src/tugas1_package) by extension 'ignore'
[0.787s] Level 1:colcon.colcon_core.package_identification:_identify(src/tugas1_package) by extension 'ignore_ament_install'
[0.787s] Level 1:colcon.colcon_core.package_identification:_identify(src/tugas1_package) by extensions ['colcon_pkg']
[0.787s] Level 1:colcon.colcon_core.package_identification:_identify(src/tugas1_package) by extension 'colcon_pkg'
[0.787s] Level 1:colcon.colcon_core.package_identification:_identify(src/tugas1_package) by extensions ['colcon_meta']
[0.787s] Level 1:colcon.colcon_core.package_identification:_identify(src/tugas1_package) by extension 'colcon_meta'
[0.788s] Level 1:colcon.colcon_core.package_identification:_identify(src/tugas1_package) by extensions ['ros']
[0.788s] Level 1:colcon.colcon_core.package_identification:_identify(src/tugas1_package) by extension 'ros'
[0.792s] DEBUG:colcon.colcon_core.package_identification:Package 'src/tugas1_package' with type 'ros.ament_cmake' and name 'tugas1_package'
[0.792s] Level 1:colcon.colcon_core.package_discovery:discover_packages(recursive) using defaults
[0.793s] Level 1:colcon.colcon_core.package_discovery:discover_packages(ignore) discover
[0.793s] Level 1:colcon.colcon_core.package_discovery:discover_packages(ignore) using defaults
[0.793s] Level 1:colcon.colcon_core.package_discovery:discover_packages(path) discover
[0.793s] Level 1:colcon.colcon_core.package_discovery:discover_packages(path) using defaults
[0.844s] Level 1:colcon.colcon_core.package_discovery:discover_packages(prefix_path) check parameters
[0.844s] Level 1:colcon.colcon_core.package_discovery:discover_packages(prefix_path) discover
[0.849s] DEBUG:colcon.colcon_installed_package_information.package_discovery:Found 1 installed packages in /home/badai22/tugas1_ws/install
[0.853s] DEBUG:colcon.colcon_installed_package_information.package_discovery:Found 272 installed packages in /opt/ros/humble
[0.858s] Level 1:colcon.colcon_core.package_discovery:discover_packages(prefix_path) using defaults
[0.938s] Level 5:colcon.colcon_core.verb:set package 'tugas1_package' build argument 'cmake_args' from command line to 'None'
[0.938s] Level 5:colcon.colcon_core.verb:set package 'tugas1_package' build argument 'cmake_target' from command line to 'None'
[0.938s] Level 5:colcon.colcon_core.verb:set package 'tugas1_package' build argument 'cmake_target_skip_unavailable' from command line to 'False'
[0.938s] Level 5:colcon.colcon_core.verb:set package 'tugas1_package' build argument 'cmake_clean_cache' from command line to 'False'
[0.938s] Level 5:colcon.colcon_core.verb:set package 'tugas1_package' build argument 'cmake_clean_first' from command line to 'False'
[0.938s] Level 5:colcon.colcon_core.verb:set package 'tugas1_package' build argument 'cmake_force_configure' from command line to 'False'
[0.938s] Level 5:colcon.colcon_core.verb:set package 'tugas1_package' build argument 'ament_cmake_args' from command line to 'None'
[0.939s] Level 5:colcon.colcon_core.verb:set package 'tugas1_package' build argument 'catkin_cmake_args' from command line to 'None'
[0.939s] Level 5:colcon.colcon_core.verb:set package 'tugas1_package' build argument 'catkin_skip_building_tests' from command line to 'False'
[0.939s] DEBUG:colcon.colcon_core.verb:Building package 'tugas1_package' with the following arguments: {'ament_cmake_args': None, 'build_base': '/home/badai22/tugas1_ws/build/tugas1_package', 'catkin_cmake_args': None, 'catkin_skip_building_tests': False, 'cmake_args': None, 'cmake_clean_cache': False, 'cmake_clean_first': False, 'cmake_force_configure': False, 'cmake_target': None, 'cmake_target_skip_unavailable': False, 'install_base': '/home/badai22/tugas1_ws/install/tugas1_package', 'merge_install': False, 'path': '/home/badai22/tugas1_ws/src/tugas1_package', 'symlink_install': False, 'test_result_base': None}
[0.939s] INFO:colcon.colcon_core.executor:Executing jobs using 'parallel' executor
[0.940s] DEBUG:colcon.colcon_parallel_executor.executor.parallel:run_until_complete
[0.941s] INFO:colcon.colcon_ros.task.ament_cmake.build:Building ROS package in '/home/badai22/tugas1_ws/src/tugas1_package' with build type 'ament_cmake'
[0.941s] INFO:colcon.colcon_cmake.task.cmake.build:Building CMake package in '/home/badai22/tugas1_ws/src/tugas1_package'
[0.948s] INFO:colcon.colcon_core.plugin_system:Skipping extension 'colcon_core.shell.bat': Not used on non-Windows systems
[0.948s] INFO:colcon.colcon_core.shell:Skip shell extension 'powershell' for command environment: Not usable outside of PowerShell
[0.948s] DEBUG:colcon.colcon_core.shell:Skip shell extension 'dsv' for command environment
[0.975s] DEBUG:colcon.colcon_core.event_handler.log_command:Invoking command in '/home/badai22/tugas1_ws/build/tugas1_package': CMAKE_PREFIX_PATH=${CMAKE_PREFIX_PATH}:/opt/ros/humble /usr/bin/cmake --build /home/badai22/tugas1_ws/build/tugas1_package -- -j12 -l12
[18.027s] DEBUG:colcon.colcon_core.event_handler.log_command:Invoked command in '/home/badai22/tugas1_ws/build/tugas1_package' returned '0': CMAKE_PREFIX_PATH=${CMAKE_PREFIX_PATH}:/opt/ros/humble /usr/bin/cmake --build /home/badai22/tugas1_ws/build/tugas1_package -- -j12 -l12
[18.050s] DEBUG:colcon.colcon_core.event_handler.log_command:Invoking command in '/home/badai22/tugas1_ws/build/tugas1_package': CMAKE_PREFIX_PATH=${CMAKE_PREFIX_PATH}:/opt/ros/humble /usr/bin/cmake --install /home/badai22/tugas1_ws/build/tugas1_package
[18.103s] Level 1:colcon.colcon_core.environment:create_environment_scripts_only(tugas1_package)
[18.105s] DEBUG:colcon.colcon_core.event_handler.log_command:Invoked command in '/home/badai22/tugas1_ws/build/tugas1_package' returned '0': CMAKE_PREFIX_PATH=${CMAKE_PREFIX_PATH}:/opt/ros/humble /usr/bin/cmake --install /home/badai22/tugas1_ws/build/tugas1_package
[18.112s] Level 1:colcon.colcon_core.environment:checking '/home/badai22/tugas1_ws/install/tugas1_package' for CMake module files
[18.114s] Level 1:colcon.colcon_core.environment:checking '/home/badai22/tugas1_ws/install/tugas1_package' for CMake config files
[18.115s] Level 1:colcon.colcon_core.shell:create_environment_hook('tugas1_package', 'cmake_prefix_path')
[18.116s] INFO:colcon.colcon_core.shell:Creating environment hook '/home/badai22/tugas1_ws/install/tugas1_package/share/tugas1_package/hook/cmake_prefix_path.ps1'
[18.117s] INFO:colcon.colcon_core.shell:Creating environment descriptor '/home/badai22/tugas1_ws/install/tugas1_package/share/tugas1_package/hook/cmake_prefix_path.dsv'
[18.119s] INFO:colcon.colcon_core.shell:Creating environment hook '/home/badai22/tugas1_ws/install/tugas1_package/share/tugas1_package/hook/cmake_prefix_path.sh'
[18.122s] Level 1:colcon.colcon_core.environment:checking '/home/badai22/tugas1_ws/install/tugas1_package/lib'
[18.122s] Level 1:colcon.colcon_core.environment:checking '/home/badai22/tugas1_ws/install/tugas1_package/bin'
[18.122s] Level 1:colcon.colcon_core.environment:checking '/home/badai22/tugas1_ws/install/tugas1_package/lib/pkgconfig/tugas1_package.pc'
[18.123s] Level 1:colcon.colcon_core.environment:checking '/home/badai22/tugas1_ws/install/tugas1_package/lib/python3.10/site-packages'
[18.124s] Level 1:colcon.colcon_core.environment:checking '/home/badai22/tugas1_ws/install/tugas1_package/bin'
[18.126s] INFO:colcon.colcon_core.shell:Creating package script '/home/badai22/tugas1_ws/install/tugas1_package/share/tugas1_package/package.ps1'
[18.129s] INFO:colcon.colcon_core.shell:Creating package descriptor '/home/badai22/tugas1_ws/install/tugas1_package/share/tugas1_package/package.dsv'
[18.131s] INFO:colcon.colcon_core.shell:Creating package script '/home/badai22/tugas1_ws/install/tugas1_package/share/tugas1_package/package.sh'
[18.134s] INFO:colcon.colcon_core.shell:Creating package script '/home/badai22/tugas1_ws/install/tugas1_package/share/tugas1_package/package.bash'
[18.137s] INFO:colcon.colcon_core.shell:Creating package script '/home/badai22/tugas1_ws/install/tugas1_package/share/tugas1_package/package.zsh'
[18.138s] Level 1:colcon.colcon_core.environment:create_file_with_runtime_dependencies(/home/badai22/tugas1_ws/install/tugas1_package/share/colcon-core/packages/tugas1_package)
[18.140s] Level 1:colcon.colcon_core.environment:create_environment_scripts_only(tugas1_package)
[18.140s] Level 1:colcon.colcon_core.environment:checking '/home/badai22/tugas1_ws/install/tugas1_package' for CMake module files
[18.141s] Level 1:colcon.colcon_core.environment:checking '/home/badai22/tugas1_ws/install/tugas1_package' for CMake config files
[18.142s] Level 1:colcon.colcon_core.shell:create_environment_hook('tugas1_package', 'cmake_prefix_path')
[18.143s] INFO:colcon.colcon_core.shell:Creating environment hook '/home/badai22/tugas1_ws/install/tugas1_package/share/tugas1_package/hook/cmake_prefix_path.ps1'
[18.144s] INFO:colcon.colcon_core.shell:Creating environment descriptor '/home/badai22/tugas1_ws/install/tugas1_package/share/tugas1_package/hook/cmake_prefix_path.dsv'
[18.145s] INFO:colcon.colcon_core.shell:Creating environment hook '/home/badai22/tugas1_ws/install/tugas1_package/share/tugas1_package/hook/cmake_prefix_path.sh'
[18.147s] Level 1:colcon.colcon_core.environment:checking '/home/badai22/tugas1_ws/install/tugas1_package/lib'
[18.148s] Level 1:colcon.colcon_core.environment:checking '/home/badai22/tugas1_ws/install/tugas1_package/bin'
[18.148s] Level 1:colcon.colcon_core.environment:checking '/home/badai22/tugas1_ws/install/tugas1_package/lib/pkgconfig/tugas1_package.pc'
[18.149s] Level 1:colcon.colcon_core.environment:checking '/home/badai22/tugas1_ws/install/tugas1_package/lib/python3.10/site-packages'
[18.150s] Level 1:colcon.colcon_core.environment:checking '/home/badai22/tugas1_ws/install/tugas1_package/bin'
[18.150s] INFO:colcon.colcon_core.shell:Creating package script '/home/badai22/tugas1_ws/install/tugas1_package/share/tugas1_package/package.ps1'
[18.151s] INFO:colcon.colcon_core.shell:Creating package descriptor '/home/badai22/tugas1_ws/install/tugas1_package/share/tugas1_package/package.dsv'
[18.153s] INFO:colcon.colcon_core.shell:Creating package script '/home/badai22/tugas1_ws/install/tugas1_package/share/tugas1_package/package.sh'
[18.154s] INFO:colcon.colcon_core.shell:Creating package script '/home/badai22/tugas1_ws/install/tugas1_package/share/tugas1_package/package.bash'
[18.155s] INFO:colcon.colcon_core.shell:Creating package script '/home/badai22/tugas1_ws/install/tugas1_package/share/tugas1_package/package.zsh'
[18.156s] Level 1:colcon.colcon_core.environment:create_file_with_runtime_dependencies(/home/badai22/tugas1_ws/install/tugas1_package/share/colcon-core/packages/tugas1_package)
[18.157s] DEBUG:colcon.colcon_parallel_executor.executor.parallel:closing loop
[18.160s] DEBUG:colcon.colcon_parallel_executor.executor.parallel:loop closed
[18.160s] DEBUG:colcon.colcon_parallel_executor.executor.parallel:run_until_complete finished with '0'
[18.161s] DEBUG:colcon.colcon_core.event_reactor:joining thread
[18.279s] INFO:colcon.colcon_core.plugin_system:Skipping extension 'colcon_notification.desktop_notification.notify_send': Could not find 'notify-send'
[18.279s] INFO:colcon.colcon_core.plugin_system:Skipping extension 'colcon_notification.desktop_notification.terminal_notifier': Not used on non-Darwin systems
[18.279s] INFO:colcon.colcon_core.plugin_system:Skipping extension 'colcon_notification.desktop_notification.win32': Not used on non-Windows systems
[18.279s] INFO:colcon.colcon_notification.desktop_notification:Sending desktop notification using 'notify2'
[18.280s] DEBUG:colcon.colcon_notification.desktop_notification.notify2:Failed to initialize notify2: org.freedesktop.DBus.Error.FileNotFound: Failed to connect to socket /run/user/1000/bus: No such file or directory
[18.280s] DEBUG:colcon.colcon_core.event_reactor:joined thread
[18.281s] INFO:colcon.colcon_core.shell:Creating prefix script '/home/badai22/tugas1_ws/install/local_setup.ps1'
[18.283s] INFO:colcon.colcon_core.shell:Creating prefix util module '/home/badai22/tugas1_ws/install/_local_setup_util_ps1.py'
[18.285s] INFO:colcon.colcon_core.shell:Creating prefix chain script '/home/badai22/tugas1_ws/install/setup.ps1'
[18.288s] INFO:colcon.colcon_core.shell:Creating prefix script '/home/badai22/tugas1_ws/install/local_setup.sh'
[18.290s] INFO:colcon.colcon_core.shell:Creating prefix util module '/home/badai22/tugas1_ws/install/_local_setup_util_sh.py'
[18.292s] INFO:colcon.colcon_core.shell:Creating prefix chain script '/home/badai22/tugas1_ws/install/setup.sh'
[18.295s] INFO:colcon.colcon_core.shell:Creating prefix script '/home/badai22/tugas1_ws/install/local_setup.bash'
[18.297s] INFO:colcon.colcon_core.shell:Creating prefix chain script '/home/badai22/tugas1_ws/install/setup.bash'
[18.299s] INFO:colcon.colcon_core.shell:Creating prefix script '/home/badai22/tugas1_ws/install/local_setup.zsh'
[18.301s] INFO:colcon.colcon_core.shell:Creating prefix chain script '/home/badai22/tugas1_ws/install/setup.zsh'
