-- Found ament_cmake: 1.3.13 (/opt/ros/humble/share/ament_cmake/cmake)
-- Found rclcpp: 16.0.18 (/opt/ros/humble/share/rclcpp/cmake)
-- Found rosidl_generator_c: 3.1.8 (/opt/ros/humble/share/rosidl_generator_c/cmake)
-- Found rosidl_adapter: 3.1.8 (/opt/ros/humble/share/rosidl_adapter/cmake)
-- Found rosidl_generator_cpp: 3.1.8 (/opt/ros/humble/share/rosidl_generator_cpp/cmake)
-- Using all available rosidl_typesupport_c: rosidl_typesupport_fastrtps_c;rosidl_typesupport_introspection_c
-- Using all available rosidl_typesupport_cpp: rosidl_typesupport_fastrtps_cpp;rosidl_typesupport_introspection_cpp
-- Found rmw_implementation_cmake: 6.1.2 (/opt/ros/humble/share/rmw_implementation_cmake/cmake)
-- Found rmw_fastrtps_cpp: 6.2.10 (/opt/ros/humble/share/rmw_fastrtps_cpp/cmake)
-- Using RMW implementation 'rmw_fastrtps_cpp' as default
-- Configuring done
-- Generating done
-- Build files have been written to: /home/badai22/tugas1_ws/build/tugas1_package
[35m[1mConsolidate compiler generated dependencies of target chatter[0m
[35m[1mConsolidate compiler generated dependencies of target display[0m
[ 25%] [32mBuilding CXX object CMakeFiles/display.dir/src/display.cpp.o[0m
[ 50%] [32mBuilding CXX object CMakeFiles/chatter.dir/src/chatter.cpp.o[0m
[ 75%] [32m[1mLinking CXX executable chatter[0m
[ 75%] Built target chatter
[100%] [32m[1mLinking CXX executable display[0m
[100%] Built target display
-- Install configuration: ""
-- Installing: /home/badai22/tugas1_ws/install/tugas1_package/lib/tugas1_package/chatter
-- Set runtime path of "/home/badai22/tugas1_ws/install/tugas1_package/lib/tugas1_package/chatter" to ""
-- Installing: /home/badai22/tugas1_ws/install/tugas1_package/lib/tugas1_package/display
-- Set runtime path of "/home/badai22/tugas1_ws/install/tugas1_package/lib/tugas1_package/display" to ""
-- Up-to-date: /home/badai22/tugas1_ws/install/tugas1_package/share/ament_index/resource_index/package_run_dependencies/tugas1_package
-- Up-to-date: /home/badai22/tugas1_ws/install/tugas1_package/share/ament_index/resource_index/parent_prefix_path/tugas1_package
-- Up-to-date: /home/badai22/tugas1_ws/install/tugas1_package/share/tugas1_package/environment/ament_prefix_path.sh
-- Installing: /home/badai22/tugas1_ws/install/tugas1_package/share/tugas1_package/environment/ament_prefix_path.dsv
-- Up-to-date: /home/badai22/tugas1_ws/install/tugas1_package/share/tugas1_package/environment/path.sh
-- Installing: /home/badai22/tugas1_ws/install/tugas1_package/share/tugas1_package/environment/path.dsv
-- Up-to-date: /home/badai22/tugas1_ws/install/tugas1_package/share/tugas1_package/local_setup.bash
-- Up-to-date: /home/badai22/tugas1_ws/install/tugas1_package/share/tugas1_package/local_setup.sh
-- Up-to-date: /home/badai22/tugas1_ws/install/tugas1_package/share/tugas1_package/local_setup.zsh
-- Installing: /home/badai22/tugas1_ws/install/tugas1_package/share/tugas1_package/local_setup.dsv
-- Installing: /home/badai22/tugas1_ws/install/tugas1_package/share/tugas1_package/package.dsv
-- Up-to-date: /home/badai22/tugas1_ws/install/tugas1_package/share/ament_index/resource_index/packages/tugas1_package
-- Up-to-date: /home/badai22/tugas1_ws/install/tugas1_package/share/tugas1_package/cmake/tugas1_packageConfig.cmake
-- Up-to-date: /home/badai22/tugas1_ws/install/tugas1_package/share/tugas1_package/cmake/tugas1_packageConfig-version.cmake
-- Up-to-date: /home/badai22/tugas1_ws/install/tugas1_package/share/tugas1_package/package.xml
