[0.041s] Invoking command in '/home/badai22/tugas1_ws/build/tugas1_package': CMAKE_PREFIX_PATH=/opt/ros/humble /usr/bin/cmake --build /home/badai22/tugas1_ws/build/tugas1_package -- -j12 -l12
[0.196s] -- Found ament_cmake: 1.3.13 (/opt/ros/humble/share/ament_cmake/cmake)
[0.529s] -- Found rclcpp: 16.0.18 (/opt/ros/humble/share/rclcpp/cmake)
[1.007s] -- Found rosidl_generator_c: 3.1.8 (/opt/ros/humble/share/rosidl_generator_c/cmake)
[1.019s] -- Found rosidl_adapter: 3.1.8 (/opt/ros/humble/share/rosidl_adapter/cmake)
[1.047s] -- Found rosidl_generator_cpp: 3.1.8 (/opt/ros/humble/share/rosidl_generator_cpp/cmake)
[1.090s] -- Using all available rosidl_typesupport_c: rosidl_typesupport_fastrtps_c;rosidl_typesupport_introspection_c
[1.137s] -- Using all available rosidl_typesupport_cpp: rosidl_typesupport_fastrtps_cpp;rosidl_typesupport_introspection_cpp
[1.250s] -- Found rmw_implementation_cmake: 6.1.2 (/opt/ros/humble/share/rmw_implementation_cmake/cmake)
[1.256s] -- Found rmw_fastrtps_cpp: 6.2.10 (/opt/ros/humble/share/rmw_fastrtps_cpp/cmake)
[13.886s] -- Using RMW implementation 'rmw_fastrtps_cpp' as default
[14.131s] -- Configuring done
[14.191s] -- Generating done
[14.206s] -- Build files have been written to: /home/badai22/tugas1_ws/build/tugas1_package
[14.279s] [35m[1mConsolidate compiler generated dependencies of target chatter[0m
[14.280s] [35m[1mConsolidate compiler generated dependencies of target display[0m
[14.315s] [ 25%] [32mBuilding CXX object CMakeFiles/display.dir/src/display.cpp.o[0m
[14.317s] [ 50%] [32mBuilding CXX object CMakeFiles/chatter.dir/src/chatter.cpp.o[0m
[23.375s] [ 75%] [32m[1mLinking CXX executable chatter[0m
[24.051s] [ 75%] Built target chatter
[30.343s] [100%] [32m[1mLinking CXX executable display[0m
[31.267s] [100%] Built target display
[31.290s] Invoked command in '/home/badai22/tugas1_ws/build/tugas1_package' returned '0': CMAKE_PREFIX_PATH=/opt/ros/humble /usr/bin/cmake --build /home/badai22/tugas1_ws/build/tugas1_package -- -j12 -l12
[31.314s] Invoking command in '/home/badai22/tugas1_ws/build/tugas1_package': CMAKE_PREFIX_PATH=/opt/ros/humble /usr/bin/cmake --install /home/badai22/tugas1_ws/build/tugas1_package
[31.328s] -- Install configuration: ""
[31.331s] -- Installing: /home/badai22/tugas1_ws/install/tugas1_package/lib/tugas1_package/chatter
[31.336s] -- Set runtime path of "/home/badai22/tugas1_ws/install/tugas1_package/lib/tugas1_package/chatter" to ""
[31.338s] -- Installing: /home/badai22/tugas1_ws/install/tugas1_package/lib/tugas1_package/display
[31.349s] -- Set runtime path of "/home/badai22/tugas1_ws/install/tugas1_package/lib/tugas1_package/display" to ""
[31.350s] -- Up-to-date: /home/badai22/tugas1_ws/install/tugas1_package/share/ament_index/resource_index/package_run_dependencies/tugas1_package
[31.350s] -- Up-to-date: /home/badai22/tugas1_ws/install/tugas1_package/share/ament_index/resource_index/parent_prefix_path/tugas1_package
[31.350s] -- Up-to-date: /home/badai22/tugas1_ws/install/tugas1_package/share/tugas1_package/environment/ament_prefix_path.sh
[31.351s] -- Installing: /home/badai22/tugas1_ws/install/tugas1_package/share/tugas1_package/environment/ament_prefix_path.dsv
[31.351s] -- Up-to-date: /home/badai22/tugas1_ws/install/tugas1_package/share/tugas1_package/environment/path.sh
[31.352s] -- Installing: /home/badai22/tugas1_ws/install/tugas1_package/share/tugas1_package/environment/path.dsv
[31.352s] -- Up-to-date: /home/badai22/tugas1_ws/install/tugas1_package/share/tugas1_package/local_setup.bash
[31.353s] -- Up-to-date: /home/badai22/tugas1_ws/install/tugas1_package/share/tugas1_package/local_setup.sh
[31.353s] -- Up-to-date: /home/badai22/tugas1_ws/install/tugas1_package/share/tugas1_package/local_setup.zsh
[31.353s] -- Installing: /home/badai22/tugas1_ws/install/tugas1_package/share/tugas1_package/local_setup.dsv
[31.353s] -- Installing: /home/badai22/tugas1_ws/install/tugas1_package/share/tugas1_package/package.dsv
[31.354s] -- Up-to-date: /home/badai22/tugas1_ws/install/tugas1_package/share/ament_index/resource_index/packages/tugas1_package
[31.354s] -- Up-to-date: /home/badai22/tugas1_ws/install/tugas1_package/share/tugas1_package/cmake/tugas1_packageConfig.cmake
[31.355s] -- Up-to-date: /home/badai22/tugas1_ws/install/tugas1_package/share/tugas1_package/cmake/tugas1_packageConfig-version.cmake
[31.355s] -- Up-to-date: /home/badai22/tugas1_ws/install/tugas1_package/share/tugas1_package/package.xml
[31.361s] Invoked command in '/home/badai22/tugas1_ws/build/tugas1_package' returned '0': CMAKE_PREFIX_PATH=/opt/ros/humble /usr/bin/cmake --install /home/badai22/tugas1_ws/build/tugas1_package
