[0.611s] DEBUG:colcon:Command line arguments: ['/usr/bin/colcon', 'build']
[0.611s] DEBUG:colcon:Parsed command line arguments: Namespace(log_base=None, log_level=None, verb_name='build', build_base='build', install_base='install', merge_install=False, symlink_install=False, test_result_base=None, continue_on_error=False, executor='parallel', parallel_workers=12, event_handlers=None, ignore_user_meta=False, metas=['./colcon.meta'], base_paths=['.'], packages_ignore=None, packages_ignore_regex=None, paths=None, packages_up_to=None, packages_up_to_regex=None, packages_above=None, packages_above_and_dependencies=None, packages_above_depth=None, packages_select_by_dep=None, packages_skip_by_dep=None, packages_skip_up_to=None, packages_select_build_failed=False, packages_skip_build_finished=False, packages_select_test_failures=False, packages_skip_test_passed=False, packages_select=None, packages_skip=None, packages_select_regex=None, packages_skip_regex=None, packages_start=None, packages_end=None, allow_overriding=[], cmake_args=None, cmake_target=None, cmake_target_skip_unavailable=False, cmake_clean_cache=False, cmake_clean_first=False, cmake_force_configure=False, ament_cmake_args=None, catkin_cmake_args=None, catkin_skip_building_tests=False, mixin_files=None, mixin=None, verb_parser=<colcon_mixin.mixin.mixin_argument.MixinArgumentDecorator object at 0x741ebc2450f0>, verb_extension=<colcon_core.verb.build.BuildVerb object at 0x741ebc3baaa0>, main=<bound method BuildVerb.main of <colcon_core.verb.build.BuildVerb object at 0x741ebc3baaa0>>, mixin_verb=('build',))
[1.352s] Level 1:colcon.colcon_core.package_discovery:discover_packages(colcon_meta) check parameters
[1.352s] Level 1:colcon.colcon_core.package_discovery:discover_packages(recursive) check parameters
[1.352s] Level 1:colcon.colcon_core.package_discovery:discover_packages(ignore) check parameters
[1.352s] Level 1:colcon.colcon_core.package_discovery:discover_packages(path) check parameters
[1.352s] Level 1:colcon.colcon_core.package_discovery:discover_packages(colcon_meta) discover
[1.352s] Level 1:colcon.colcon_core.package_discovery:discover_packages(recursive) discover
[1.352s] INFO:colcon.colcon_core.package_discovery:Crawling recursively for packages in '/home/badai22/tugas1_ws'
[1.353s] Level 1:colcon.colcon_core.package_identification:_identify(.) by extensions ['ignore', 'ignore_ament_install']
[1.353s] Level 1:colcon.colcon_core.package_identification:_identify(.) by extension 'ignore'
[1.353s] Level 1:colcon.colcon_core.package_identification:_identify(.) by extension 'ignore_ament_install'
[1.353s] Level 1:colcon.colcon_core.package_identification:_identify(.) by extensions ['colcon_pkg']
[1.353s] Level 1:colcon.colcon_core.package_identification:_identify(.) by extension 'colcon_pkg'
[1.353s] Level 1:colcon.colcon_core.package_identification:_identify(.) by extensions ['colcon_meta']
[1.353s] Level 1:colcon.colcon_core.package_identification:_identify(.) by extension 'colcon_meta'
[1.353s] Level 1:colcon.colcon_core.package_identification:_identify(.) by extensions ['ros']
[1.354s] Level 1:colcon.colcon_core.package_identification:_identify(.) by extension 'ros'
[1.390s] Level 1:colcon.colcon_core.package_identification:_identify(.) by extensions ['cmake', 'python']
[1.390s] Level 1:colcon.colcon_core.package_identification:_identify(.) by extension 'cmake'
[1.391s] Level 1:colcon.colcon_core.package_identification:_identify(.) by extension 'python'
[1.391s] Level 1:colcon.colcon_core.package_identification:_identify(.) by extensions ['python_setup_py']
[1.391s] Level 1:colcon.colcon_core.package_identification:_identify(.) by extension 'python_setup_py'
[1.392s] Level 1:colcon.colcon_core.package_identification:_identify(build) by extensions ['ignore', 'ignore_ament_install']
[1.392s] Level 1:colcon.colcon_core.package_identification:_identify(build) by extension 'ignore'
[1.392s] Level 1:colcon.colcon_core.package_identification:_identify(build) ignored
[1.393s] Level 1:colcon.colcon_core.package_identification:_identify(install) by extensions ['ignore', 'ignore_ament_install']
[1.394s] Level 1:colcon.colcon_core.package_identification:_identify(install) by extension 'ignore'
[1.394s] Level 1:colcon.colcon_core.package_identification:_identify(install) ignored
[1.394s] Level 1:colcon.colcon_core.package_identification:_identify(log) by extensions ['ignore', 'ignore_ament_install']
[1.394s] Level 1:colcon.colcon_core.package_identification:_identify(log) by extension 'ignore'
[1.395s] Level 1:colcon.colcon_core.package_identification:_identify(log) ignored
[1.395s] Level 1:colcon.colcon_core.package_identification:_identify(src) by extensions ['ignore', 'ignore_ament_install']
[1.395s] Level 1:colcon.colcon_core.package_identification:_identify(src) by extension 'ignore'
[1.395s] Level 1:colcon.colcon_core.package_identification:_identify(src) by extension 'ignore_ament_install'
[1.396s] Level 1:colcon.colcon_core.package_identification:_identify(src) by extensions ['colcon_pkg']
[1.396s] Level 1:colcon.colcon_core.package_identification:_identify(src) by extension 'colcon_pkg'
[1.396s] Level 1:colcon.colcon_core.package_identification:_identify(src) by extensions ['colcon_meta']
[1.396s] Level 1:colcon.colcon_core.package_identification:_identify(src) by extension 'colcon_meta'
[1.396s] Level 1:colcon.colcon_core.package_identification:_identify(src) by extensions ['ros']
[1.396s] Level 1:colcon.colcon_core.package_identification:_identify(src) by extension 'ros'
[1.397s] Level 1:colcon.colcon_core.package_identification:_identify(src) by extensions ['cmake', 'python']
[1.397s] Level 1:colcon.colcon_core.package_identification:_identify(src) by extension 'cmake'
[1.397s] Level 1:colcon.colcon_core.package_identification:_identify(src) by extension 'python'
[1.397s] Level 1:colcon.colcon_core.package_identification:_identify(src) by extensions ['python_setup_py']
[1.397s] Level 1:colcon.colcon_core.package_identification:_identify(src) by extension 'python_setup_py'
[1.397s] Level 1:colcon.colcon_core.package_identification:_identify(src/tugas1_package) by extensions ['ignore', 'ignore_ament_install']
[1.398s] Level 1:colcon.colcon_core.package_identification:_identify(src/tugas1_package) by extension 'ignore'
[1.398s] Level 1:colcon.colcon_core.package_identification:_identify(src/tugas1_package) by extension 'ignore_ament_install'
[1.398s] Level 1:colcon.colcon_core.package_identification:_identify(src/tugas1_package) by extensions ['colcon_pkg']
[1.398s] Level 1:colcon.colcon_core.package_identification:_identify(src/tugas1_package) by extension 'colcon_pkg'
[1.398s] Level 1:colcon.colcon_core.package_identification:_identify(src/tugas1_package) by extensions ['colcon_meta']
[1.398s] Level 1:colcon.colcon_core.package_identification:_identify(src/tugas1_package) by extension 'colcon_meta'
[1.398s] Level 1:colcon.colcon_core.package_identification:_identify(src/tugas1_package) by extensions ['ros']
[1.398s] Level 1:colcon.colcon_core.package_identification:_identify(src/tugas1_package) by extension 'ros'
[1.408s] DEBUG:colcon.colcon_core.package_identification:Package 'src/tugas1_package' with type 'ros.ament_cmake' and name 'tugas1_package'
[1.408s] Level 1:colcon.colcon_core.package_discovery:discover_packages(recursive) using defaults
[1.409s] Level 1:colcon.colcon_core.package_discovery:discover_packages(ignore) discover
[1.409s] Level 1:colcon.colcon_core.package_discovery:discover_packages(ignore) using defaults
[1.409s] Level 1:colcon.colcon_core.package_discovery:discover_packages(path) discover
[1.409s] Level 1:colcon.colcon_core.package_discovery:discover_packages(path) using defaults
[1.488s] Level 1:colcon.colcon_core.package_discovery:discover_packages(prefix_path) check parameters
[1.488s] Level 1:colcon.colcon_core.package_discovery:discover_packages(prefix_path) discover
[1.497s] DEBUG:colcon.colcon_installed_package_information.package_discovery:Found 272 installed packages in /opt/ros/humble
[1.500s] Level 1:colcon.colcon_core.package_discovery:discover_packages(prefix_path) using defaults
[1.673s] Level 5:colcon.colcon_core.verb:set package 'tugas1_package' build argument 'cmake_args' from command line to 'None'
[1.673s] Level 5:colcon.colcon_core.verb:set package 'tugas1_package' build argument 'cmake_target' from command line to 'None'
[1.673s] Level 5:colcon.colcon_core.verb:set package 'tugas1_package' build argument 'cmake_target_skip_unavailable' from command line to 'False'
[1.673s] Level 5:colcon.colcon_core.verb:set package 'tugas1_package' build argument 'cmake_clean_cache' from command line to 'False'
[1.674s] Level 5:colcon.colcon_core.verb:set package 'tugas1_package' build argument 'cmake_clean_first' from command line to 'False'
[1.674s] Level 5:colcon.colcon_core.verb:set package 'tugas1_package' build argument 'cmake_force_configure' from command line to 'False'
[1.674s] Level 5:colcon.colcon_core.verb:set package 'tugas1_package' build argument 'ament_cmake_args' from command line to 'None'
[1.674s] Level 5:colcon.colcon_core.verb:set package 'tugas1_package' build argument 'catkin_cmake_args' from command line to 'None'
[1.674s] Level 5:colcon.colcon_core.verb:set package 'tugas1_package' build argument 'catkin_skip_building_tests' from command line to 'False'
[1.674s] DEBUG:colcon.colcon_core.verb:Building package 'tugas1_package' with the following arguments: {'ament_cmake_args': None, 'build_base': '/home/badai22/tugas1_ws/build/tugas1_package', 'catkin_cmake_args': None, 'catkin_skip_building_tests': False, 'cmake_args': None, 'cmake_clean_cache': False, 'cmake_clean_first': False, 'cmake_force_configure': False, 'cmake_target': None, 'cmake_target_skip_unavailable': False, 'install_base': '/home/badai22/tugas1_ws/install/tugas1_package', 'merge_install': False, 'path': '/home/badai22/tugas1_ws/src/tugas1_package', 'symlink_install': False, 'test_result_base': None}
[1.674s] INFO:colcon.colcon_core.executor:Executing jobs using 'parallel' executor
[1.676s] DEBUG:colcon.colcon_parallel_executor.executor.parallel:run_until_complete
[1.677s] INFO:colcon.colcon_ros.task.ament_cmake.build:Building ROS package in '/home/badai22/tugas1_ws/src/tugas1_package' with build type 'ament_cmake'
[1.677s] INFO:colcon.colcon_cmake.task.cmake.build:Building CMake package in '/home/badai22/tugas1_ws/src/tugas1_package'
[1.689s] INFO:colcon.colcon_core.plugin_system:Skipping extension 'colcon_core.shell.bat': Not used on non-Windows systems
[1.689s] INFO:colcon.colcon_core.shell:Skip shell extension 'powershell' for command environment: Not usable outside of PowerShell
[1.690s] DEBUG:colcon.colcon_core.shell:Skip shell extension 'dsv' for command environment
[1.721s] DEBUG:colcon.colcon_core.event_handler.log_command:Invoking command in '/home/badai22/tugas1_ws/build/tugas1_package': CMAKE_PREFIX_PATH=/opt/ros/humble /usr/bin/cmake --build /home/badai22/tugas1_ws/build/tugas1_package -- -j12 -l12
[30.468s] DEBUG:colcon.colcon_core.event_handler.log_command:Invoked command in '/home/badai22/tugas1_ws/build/tugas1_package' returned '0': CMAKE_PREFIX_PATH=/opt/ros/humble /usr/bin/cmake --build /home/badai22/tugas1_ws/build/tugas1_package -- -j12 -l12
[30.492s] DEBUG:colcon.colcon_core.event_handler.log_command:Invoking command in '/home/badai22/tugas1_ws/build/tugas1_package': CMAKE_PREFIX_PATH=/opt/ros/humble /usr/bin/cmake --install /home/badai22/tugas1_ws/build/tugas1_package
[30.537s] Level 1:colcon.colcon_core.environment:create_environment_scripts_only(tugas1_package)
[30.539s] DEBUG:colcon.colcon_core.event_handler.log_command:Invoked command in '/home/badai22/tugas1_ws/build/tugas1_package' returned '0': CMAKE_PREFIX_PATH=/opt/ros/humble /usr/bin/cmake --install /home/badai22/tugas1_ws/build/tugas1_package
[30.557s] Level 1:colcon.colcon_core.environment:checking '/home/badai22/tugas1_ws/install/tugas1_package' for CMake module files
[30.559s] Level 1:colcon.colcon_core.environment:checking '/home/badai22/tugas1_ws/install/tugas1_package' for CMake config files
[30.563s] Level 1:colcon.colcon_core.shell:create_environment_hook('tugas1_package', 'cmake_prefix_path')
[30.564s] INFO:colcon.colcon_core.shell:Creating environment hook '/home/badai22/tugas1_ws/install/tugas1_package/share/tugas1_package/hook/cmake_prefix_path.ps1'
[30.566s] INFO:colcon.colcon_core.shell:Creating environment descriptor '/home/badai22/tugas1_ws/install/tugas1_package/share/tugas1_package/hook/cmake_prefix_path.dsv'
[30.568s] INFO:colcon.colcon_core.shell:Creating environment hook '/home/badai22/tugas1_ws/install/tugas1_package/share/tugas1_package/hook/cmake_prefix_path.sh'
[30.571s] Level 1:colcon.colcon_core.environment:checking '/home/badai22/tugas1_ws/install/tugas1_package/lib'
[30.572s] Level 1:colcon.colcon_core.environment:checking '/home/badai22/tugas1_ws/install/tugas1_package/bin'
[30.572s] Level 1:colcon.colcon_core.environment:checking '/home/badai22/tugas1_ws/install/tugas1_package/lib/pkgconfig/tugas1_package.pc'
[30.573s] Level 1:colcon.colcon_core.environment:checking '/home/badai22/tugas1_ws/install/tugas1_package/lib/python3.10/site-packages'
[30.574s] Level 1:colcon.colcon_core.environment:checking '/home/badai22/tugas1_ws/install/tugas1_package/bin'
[30.575s] INFO:colcon.colcon_core.shell:Creating package script '/home/badai22/tugas1_ws/install/tugas1_package/share/tugas1_package/package.ps1'
[30.577s] INFO:colcon.colcon_core.shell:Creating package descriptor '/home/badai22/tugas1_ws/install/tugas1_package/share/tugas1_package/package.dsv'
[30.579s] INFO:colcon.colcon_core.shell:Creating package script '/home/badai22/tugas1_ws/install/tugas1_package/share/tugas1_package/package.sh'
[30.582s] INFO:colcon.colcon_core.shell:Creating package script '/home/badai22/tugas1_ws/install/tugas1_package/share/tugas1_package/package.bash'
[30.583s] INFO:colcon.colcon_core.shell:Creating package script '/home/badai22/tugas1_ws/install/tugas1_package/share/tugas1_package/package.zsh'
[30.586s] Level 1:colcon.colcon_core.environment:create_file_with_runtime_dependencies(/home/badai22/tugas1_ws/install/tugas1_package/share/colcon-core/packages/tugas1_package)
[30.587s] Level 1:colcon.colcon_core.environment:create_environment_scripts_only(tugas1_package)
[30.588s] Level 1:colcon.colcon_core.environment:checking '/home/badai22/tugas1_ws/install/tugas1_package' for CMake module files
[30.589s] Level 1:colcon.colcon_core.environment:checking '/home/badai22/tugas1_ws/install/tugas1_package' for CMake config files
[30.590s] Level 1:colcon.colcon_core.shell:create_environment_hook('tugas1_package', 'cmake_prefix_path')
[30.591s] INFO:colcon.colcon_core.shell:Creating environment hook '/home/badai22/tugas1_ws/install/tugas1_package/share/tugas1_package/hook/cmake_prefix_path.ps1'
[30.593s] INFO:colcon.colcon_core.shell:Creating environment descriptor '/home/badai22/tugas1_ws/install/tugas1_package/share/tugas1_package/hook/cmake_prefix_path.dsv'
[30.594s] INFO:colcon.colcon_core.shell:Creating environment hook '/home/badai22/tugas1_ws/install/tugas1_package/share/tugas1_package/hook/cmake_prefix_path.sh'
[30.596s] Level 1:colcon.colcon_core.environment:checking '/home/badai22/tugas1_ws/install/tugas1_package/lib'
[30.596s] Level 1:colcon.colcon_core.environment:checking '/home/badai22/tugas1_ws/install/tugas1_package/bin'
[30.596s] Level 1:colcon.colcon_core.environment:checking '/home/badai22/tugas1_ws/install/tugas1_package/lib/pkgconfig/tugas1_package.pc'
[30.597s] Level 1:colcon.colcon_core.environment:checking '/home/badai22/tugas1_ws/install/tugas1_package/lib/python3.10/site-packages'
[30.598s] Level 1:colcon.colcon_core.environment:checking '/home/badai22/tugas1_ws/install/tugas1_package/bin'
[30.598s] INFO:colcon.colcon_core.shell:Creating package script '/home/badai22/tugas1_ws/install/tugas1_package/share/tugas1_package/package.ps1'
[30.599s] INFO:colcon.colcon_core.shell:Creating package descriptor '/home/badai22/tugas1_ws/install/tugas1_package/share/tugas1_package/package.dsv'
[30.600s] INFO:colcon.colcon_core.shell:Creating package script '/home/badai22/tugas1_ws/install/tugas1_package/share/tugas1_package/package.sh'
[30.601s] INFO:colcon.colcon_core.shell:Creating package script '/home/badai22/tugas1_ws/install/tugas1_package/share/tugas1_package/package.bash'
[30.602s] INFO:colcon.colcon_core.shell:Creating package script '/home/badai22/tugas1_ws/install/tugas1_package/share/tugas1_package/package.zsh'
[30.603s] Level 1:colcon.colcon_core.environment:create_file_with_runtime_dependencies(/home/badai22/tugas1_ws/install/tugas1_package/share/colcon-core/packages/tugas1_package)
[30.604s] DEBUG:colcon.colcon_parallel_executor.executor.parallel:closing loop
[30.606s] DEBUG:colcon.colcon_parallel_executor.executor.parallel:loop closed
[30.607s] DEBUG:colcon.colcon_parallel_executor.executor.parallel:run_until_complete finished with '0'
[30.607s] DEBUG:colcon.colcon_core.event_reactor:joining thread
[30.716s] INFO:colcon.colcon_core.plugin_system:Skipping extension 'colcon_notification.desktop_notification.notify_send': Could not find 'notify-send'
[30.716s] INFO:colcon.colcon_core.plugin_system:Skipping extension 'colcon_notification.desktop_notification.terminal_notifier': Not used on non-Darwin systems
[30.716s] INFO:colcon.colcon_core.plugin_system:Skipping extension 'colcon_notification.desktop_notification.win32': Not used on non-Windows systems
[30.717s] INFO:colcon.colcon_notification.desktop_notification:Sending desktop notification using 'notify2'
[30.717s] DEBUG:colcon.colcon_notification.desktop_notification.notify2:Failed to initialize notify2: org.freedesktop.DBus.Error.FileNotFound: Failed to connect to socket /run/user/1000/bus: No such file or directory
[30.717s] DEBUG:colcon.colcon_core.event_reactor:joined thread
[30.719s] INFO:colcon.colcon_core.shell:Creating prefix script '/home/badai22/tugas1_ws/install/local_setup.ps1'
[30.721s] INFO:colcon.colcon_core.shell:Creating prefix util module '/home/badai22/tugas1_ws/install/_local_setup_util_ps1.py'
[30.725s] INFO:colcon.colcon_core.shell:Creating prefix chain script '/home/badai22/tugas1_ws/install/setup.ps1'
[30.728s] INFO:colcon.colcon_core.shell:Creating prefix script '/home/badai22/tugas1_ws/install/local_setup.sh'
[30.731s] INFO:colcon.colcon_core.shell:Creating prefix util module '/home/badai22/tugas1_ws/install/_local_setup_util_sh.py'
[30.732s] INFO:colcon.colcon_core.shell:Creating prefix chain script '/home/badai22/tugas1_ws/install/setup.sh'
[30.737s] INFO:colcon.colcon_core.shell:Creating prefix script '/home/badai22/tugas1_ws/install/local_setup.bash'
[30.740s] INFO:colcon.colcon_core.shell:Creating prefix chain script '/home/badai22/tugas1_ws/install/setup.bash'
[30.743s] INFO:colcon.colcon_core.shell:Creating prefix script '/home/badai22/tugas1_ws/install/local_setup.zsh'
[30.746s] INFO:colcon.colcon_core.shell:Creating prefix chain script '/home/badai22/tugas1_ws/install/setup.zsh'
